15-Sep-2023 02:18:46.767 INFO [main] org.apache.catalina.startup.VersionLoggerListener.log Server version name:   Apache Tomcat/9.0.80
15-Sep-2023 02:18:46.769 INFO [main] org.apache.catalina.startup.VersionLoggerListener.log Server built:          Aug 23 2023 21:59:38 UTC
15-Sep-2023 02:18:46.769 INFO [main] org.apache.catalina.startup.VersionLoggerListener.log Server version number: 9.0.80.0
15-Sep-2023 02:18:46.769 INFO [main] org.apache.catalina.startup.VersionLoggerListener.log OS Name:               Windows 10
15-Sep-2023 02:18:46.769 INFO [main] org.apache.catalina.startup.VersionLoggerListener.log OS Version:            10.0
15-Sep-2023 02:18:46.769 INFO [main] org.apache.catalina.startup.VersionLoggerListener.log Architecture:          amd64
15-Sep-2023 02:18:46.769 INFO [main] org.apache.catalina.startup.VersionLoggerListener.log Java Home:             C:\java\jre1.8.0_202
15-Sep-2023 02:18:46.769 INFO [main] org.apache.catalina.startup.VersionLoggerListener.log JVM Version:           1.8.0_202-b08
15-Sep-2023 02:18:46.770 INFO [main] org.apache.catalina.startup.VersionLoggerListener.log JVM Vendor:            Oracle Corporation
15-Sep-2023 02:18:46.770 INFO [main] org.apache.catalina.startup.VersionLoggerListener.log CATALINA_BASE:         C:\java\tomcat
15-Sep-2023 02:18:46.770 INFO [main] org.apache.catalina.startup.VersionLoggerListener.log CATALINA_HOME:         C:\java\tomcat
15-Sep-2023 02:18:46.785 INFO [main] org.apache.catalina.startup.VersionLoggerListener.log Command line argument: -Djava.util.logging.config.file=C:\java\tomcat\conf\logging.properties
15-Sep-2023 02:18:46.785 INFO [main] org.apache.catalina.startup.VersionLoggerListener.log Command line argument: -Djava.util.logging.manager=org.apache.juli.ClassLoaderLogManager
15-Sep-2023 02:18:46.785 INFO [main] org.apache.catalina.startup.VersionLoggerListener.log Command line argument: -Xms256m
15-Sep-2023 02:18:46.785 INFO [main] org.apache.catalina.startup.VersionLoggerListener.log Command line argument: -Xmx1024m
15-Sep-2023 02:18:46.785 INFO [main] org.apache.catalina.startup.VersionLoggerListener.log Command line argument: -Djdk.tls.ephemeralDHKeySize=2048
15-Sep-2023 02:18:46.785 INFO [main] org.apache.catalina.startup.VersionLoggerListener.log Command line argument: -Djava.protocol.handler.pkgs=org.apache.catalina.webresources
15-Sep-2023 02:18:46.785 INFO [main] org.apache.catalina.startup.VersionLoggerListener.log Command line argument: -Dignore.endorsed.dirs=
15-Sep-2023 02:18:46.785 INFO [main] org.apache.catalina.startup.VersionLoggerListener.log Command line argument: -Dcatalina.base=C:\java\tomcat
15-Sep-2023 02:18:46.785 INFO [main] org.apache.catalina.startup.VersionLoggerListener.log Command line argument: -Dcatalina.home=C:\java\tomcat
15-Sep-2023 02:18:46.785 INFO [main] org.apache.catalina.startup.VersionLoggerListener.log Command line argument: -Djava.io.tmpdir=C:\java\tomcat\temp
15-Sep-2023 02:18:46.788 INFO [main] org.apache.catalina.core.AprLifecycleListener.lifecycleEvent Loaded Apache Tomcat Native library [1.2.38] using APR version [1.7.4].
15-Sep-2023 02:18:46.788 INFO [main] org.apache.catalina.core.AprLifecycleListener.lifecycleEvent APR capabilities: IPv6 [true], sendfile [true], accept filters [false], random [true], UDS [true].
15-Sep-2023 02:18:46.788 INFO [main] org.apache.catalina.core.AprLifecycleListener.lifecycleEvent APR/OpenSSL configuration: useAprConnector [false], useOpenSSL [true]
15-Sep-2023 02:18:46.791 INFO [main] org.apache.catalina.core.AprLifecycleListener.initializeSSL OpenSSL successfully initialized [OpenSSL 1.1.1v  1 Aug 2023]
15-Sep-2023 02:18:46.975 INFO [main] org.apache.coyote.AbstractProtocol.init Initializing ProtocolHandler ["http-nio-8080"]
15-Sep-2023 02:18:46.984 INFO [main] org.apache.catalina.startup.Catalina.load Server initialization in [315] milliseconds
15-Sep-2023 02:18:47.000 INFO [main] org.apache.catalina.core.StandardService.startInternal Starting service [Catalina]
15-Sep-2023 02:18:47.000 INFO [main] org.apache.catalina.core.StandardEngine.startInternal Starting Servlet engine: [Apache Tomcat/9.0.80]
15-Sep-2023 02:18:47.006 INFO [main] org.apache.catalina.startup.HostConfig.deployDirectory Deploying web application directory [C:\java\tomcat\webapps\docs]
15-Sep-2023 02:18:47.315 WARNING [main] org.apache.catalina.util.SessionIdGeneratorBase.createSecureRandom Creation of SecureRandom instance for session ID generation using [SHA1PRNG] took [197] milliseconds.
15-Sep-2023 02:18:47.328 INFO [main] org.apache.catalina.startup.HostConfig.deployDirectory Deployment of web application directory [C:\java\tomcat\webapps\docs] has finished in [322] ms
15-Sep-2023 02:18:47.328 INFO [main] org.apache.catalina.startup.HostConfig.deployDirectory Deploying web application directory [C:\java\tomcat\webapps\examples]
15-Sep-2023 02:18:47.483 INFO [main] org.apache.catalina.startup.HostConfig.deployDirectory Deployment of web application directory [C:\java\tomcat\webapps\examples] has finished in [155] ms
15-Sep-2023 02:18:47.483 INFO [main] org.apache.catalina.startup.HostConfig.deployDirectory Deploying web application directory [C:\java\tomcat\webapps\host-manager]
15-Sep-2023 02:18:47.496 INFO [main] org.apache.catalina.startup.HostConfig.deployDirectory Deployment of web application directory [C:\java\tomcat\webapps\host-manager] has finished in [13] ms
15-Sep-2023 02:18:47.497 INFO [main] org.apache.catalina.startup.HostConfig.deployDirectory Deploying web application directory [C:\java\tomcat\webapps\manager]
15-Sep-2023 02:18:47.508 INFO [main] org.apache.catalina.startup.HostConfig.deployDirectory Deployment of web application directory [C:\java\tomcat\webapps\manager] has finished in [11] ms
15-Sep-2023 02:18:47.509 INFO [main] org.apache.catalina.startup.HostConfig.deployDirectory Deploying web application directory [C:\java\tomcat\webapps\ROOT]
15-Sep-2023 02:18:47.519 INFO [main] org.apache.catalina.startup.HostConfig.deployDirectory Deployment of web application directory [C:\java\tomcat\webapps\ROOT] has finished in [10] ms
15-Sep-2023 02:18:47.521 INFO [main] org.apache.coyote.AbstractProtocol.start Starting ProtocolHandler ["http-nio-8080"]
15-Sep-2023 02:18:47.530 INFO [main] org.apache.catalina.startup.Catalina.start Server startup in [545] milliseconds
15-Sep-2023 02:19:34.322 INFO [Thread-2] org.apache.coyote.AbstractProtocol.pause Pausing ProtocolHandler ["http-nio-8080"]
15-Sep-2023 02:19:34.547 INFO [Thread-2] org.apache.catalina.core.StandardService.stopInternal Stopping service [Catalina]
15-Sep-2023 02:19:34.559 INFO [Thread-2] org.apache.coyote.AbstractProtocol.stop Stopping ProtocolHandler ["http-nio-8080"]
15-Sep-2023 02:19:34.575 INFO [Thread-2] org.apache.coyote.AbstractProtocol.destroy Destroying ProtocolHandler ["http-nio-8080"]
15-Sep-2023 02:20:20.527 INFO [main] org.apache.catalina.startup.VersionLoggerListener.log Server version name:   Apache Tomcat/9.0.80
15-Sep-2023 02:20:20.528 INFO [main] org.apache.catalina.startup.VersionLoggerListener.log Server built:          Aug 23 2023 21:59:38 UTC
15-Sep-2023 02:20:20.528 INFO [main] org.apache.catalina.startup.VersionLoggerListener.log Server version number: 9.0.80.0
15-Sep-2023 02:20:20.528 INFO [main] org.apache.catalina.startup.VersionLoggerListener.log OS Name:               Windows 10
15-Sep-2023 02:20:20.528 INFO [main] org.apache.catalina.startup.VersionLoggerListener.log OS Version:            10.0
15-Sep-2023 02:20:20.528 INFO [main] org.apache.catalina.startup.VersionLoggerListener.log Architecture:          amd64
15-Sep-2023 02:20:20.528 INFO [main] org.apache.catalina.startup.VersionLoggerListener.log Java Home:             C:\java\jre1.8.0_202
15-Sep-2023 02:20:20.528 INFO [main] org.apache.catalina.startup.VersionLoggerListener.log JVM Version:           1.8.0_202-b08
15-Sep-2023 02:20:20.528 INFO [main] org.apache.catalina.startup.VersionLoggerListener.log JVM Vendor:            Oracle Corporation
15-Sep-2023 02:20:20.528 INFO [main] org.apache.catalina.startup.VersionLoggerListener.log CATALINA_BASE:         C:\java\tomcat
15-Sep-2023 02:20:20.528 INFO [main] org.apache.catalina.startup.VersionLoggerListener.log CATALINA_HOME:         C:\java\tomcat
15-Sep-2023 02:20:20.529 INFO [main] org.apache.catalina.startup.VersionLoggerListener.log Command line argument: -Djava.util.logging.config.file=C:\java\tomcat\conf\logging.properties
15-Sep-2023 02:20:20.529 INFO [main] org.apache.catalina.startup.VersionLoggerListener.log Command line argument: -Djava.util.logging.manager=org.apache.juli.ClassLoaderLogManager
15-Sep-2023 02:20:20.529 INFO [main] org.apache.catalina.startup.VersionLoggerListener.log Command line argument: -Xms256m
15-Sep-2023 02:20:20.529 INFO [main] org.apache.catalina.startup.VersionLoggerListener.log Command line argument: -Xmx1024m
15-Sep-2023 02:20:20.529 INFO [main] org.apache.catalina.startup.VersionLoggerListener.log Command line argument: -Djdk.tls.ephemeralDHKeySize=2048
15-Sep-2023 02:20:20.529 INFO [main] org.apache.catalina.startup.VersionLoggerListener.log Command line argument: -Djava.protocol.handler.pkgs=org.apache.catalina.webresources
15-Sep-2023 02:20:20.529 INFO [main] org.apache.catalina.startup.VersionLoggerListener.log Command line argument: -Dignore.endorsed.dirs=
15-Sep-2023 02:20:20.529 INFO [main] org.apache.catalina.startup.VersionLoggerListener.log Command line argument: -Dcatalina.base=C:\java\tomcat
15-Sep-2023 02:20:20.529 INFO [main] org.apache.catalina.startup.VersionLoggerListener.log Command line argument: -Dcatalina.home=C:\java\tomcat
15-Sep-2023 02:20:20.530 INFO [main] org.apache.catalina.startup.VersionLoggerListener.log Command line argument: -Djava.io.tmpdir=C:\java\tomcat\temp
15-Sep-2023 02:20:20.532 INFO [main] org.apache.catalina.core.AprLifecycleListener.lifecycleEvent Loaded Apache Tomcat Native library [1.2.38] using APR version [1.7.4].
15-Sep-2023 02:20:20.532 INFO [main] org.apache.catalina.core.AprLifecycleListener.lifecycleEvent APR capabilities: IPv6 [true], sendfile [true], accept filters [false], random [true], UDS [true].
15-Sep-2023 02:20:20.532 INFO [main] org.apache.catalina.core.AprLifecycleListener.lifecycleEvent APR/OpenSSL configuration: useAprConnector [false], useOpenSSL [true]
15-Sep-2023 02:20:20.534 INFO [main] org.apache.catalina.core.AprLifecycleListener.initializeSSL OpenSSL successfully initialized [OpenSSL 1.1.1v  1 Aug 2023]
15-Sep-2023 02:20:20.695 INFO [main] org.apache.coyote.AbstractProtocol.init Initializing ProtocolHandler ["http-nio-8080"]
15-Sep-2023 02:20:20.706 INFO [main] org.apache.catalina.startup.Catalina.load Server initialization in [274] milliseconds
15-Sep-2023 02:20:20.723 INFO [main] org.apache.catalina.core.StandardService.startInternal Starting service [Catalina]
15-Sep-2023 02:20:20.723 INFO [main] org.apache.catalina.core.StandardEngine.startInternal Starting Servlet engine: [Apache Tomcat/9.0.80]
15-Sep-2023 02:20:20.729 INFO [main] org.apache.catalina.startup.HostConfig.deployDirectory Deploying web application directory [C:\java\tomcat\webapps\docs]
15-Sep-2023 02:20:21.048 WARNING [main] org.apache.catalina.util.SessionIdGeneratorBase.createSecureRandom Creation of SecureRandom instance for session ID generation using [SHA1PRNG] took [200] milliseconds.
15-Sep-2023 02:20:21.061 INFO [main] org.apache.catalina.startup.HostConfig.deployDirectory Deployment of web application directory [C:\java\tomcat\webapps\docs] has finished in [332] ms
15-Sep-2023 02:20:21.061 INFO [main] org.apache.catalina.startup.HostConfig.deployDirectory Deploying web application directory [C:\java\tomcat\webapps\examples]
15-Sep-2023 02:20:21.228 INFO [main] org.apache.catalina.startup.HostConfig.deployDirectory Deployment of web application directory [C:\java\tomcat\webapps\examples] has finished in [167] ms
15-Sep-2023 02:20:21.228 INFO [main] org.apache.catalina.startup.HostConfig.deployDirectory Deploying web application directory [C:\java\tomcat\webapps\host-manager]
15-Sep-2023 02:20:21.242 INFO [main] org.apache.catalina.startup.HostConfig.deployDirectory Deployment of web application directory [C:\java\tomcat\webapps\host-manager] has finished in [13] ms
15-Sep-2023 02:20:21.242 INFO [main] org.apache.catalina.startup.HostConfig.deployDirectory Deploying web application directory [C:\java\tomcat\webapps\manager]
15-Sep-2023 02:20:21.253 INFO [main] org.apache.catalina.startup.HostConfig.deployDirectory Deployment of web application directory [C:\java\tomcat\webapps\manager] has finished in [11] ms
15-Sep-2023 02:20:21.253 INFO [main] org.apache.catalina.startup.HostConfig.deployDirectory Deploying web application directory [C:\java\tomcat\webapps\ROOT]
15-Sep-2023 02:20:21.262 INFO [main] org.apache.catalina.startup.HostConfig.deployDirectory Deployment of web application directory [C:\java\tomcat\webapps\ROOT] has finished in [9] ms
15-Sep-2023 02:20:21.265 INFO [main] org.apache.coyote.AbstractProtocol.start Starting ProtocolHandler ["http-nio-8080"]
15-Sep-2023 02:20:21.274 INFO [main] org.apache.catalina.startup.Catalina.start Server startup in [568] milliseconds
15-Sep-2023 02:20:37.558 INFO [Thread-2] org.apache.coyote.AbstractProtocol.pause Pausing ProtocolHandler ["http-nio-8080"]
15-Sep-2023 02:20:37.744 INFO [Thread-2] org.apache.catalina.core.StandardService.stopInternal Stopping service [Catalina]
15-Sep-2023 02:20:37.762 INFO [Thread-2] org.apache.coyote.AbstractProtocol.stop Stopping ProtocolHandler ["http-nio-8080"]
15-Sep-2023 02:20:37.776 INFO [Thread-2] org.apache.coyote.AbstractProtocol.destroy Destroying ProtocolHandler ["http-nio-8080"]
